[2019-05-06 14:07:17.984] [exthost] [info] extension host started
[2019-05-06 14:07:18.000] [exthost] [info] ExtensionService#_doActivateExtension vscode.debug-auto-launch {"startup":true,"activationEvent":"*"}
[2019-05-06 14:07:18.000] [exthost] [info] ExtensionService#loadCommonJSModule /usr/share/code/resources/app/extensions/debug-auto-launch/dist/extension
[2019-05-06 14:07:18.006] [exthost] [info] ExtensionService#_doActivateExtension vscode.emmet {"startup":true,"activationEvent":"*"}
[2019-05-06 14:07:18.006] [exthost] [info] ExtensionService#loadCommonJSModule /usr/share/code/resources/app/extensions/emmet/dist/extension
[2019-05-06 14:07:18.019] [exthost] [info] ExtensionService#_doActivateExtension vscode.git {"startup":true,"activationEvent":"*"}
[2019-05-06 14:07:18.020] [exthost] [info] ExtensionService#loadCommonJSModule /usr/share/code/resources/app/extensions/git/dist/main
[2019-05-06 14:07:18.102] [exthost] [info] ExtensionService#_doActivateExtension vscode.merge-conflict {"startup":true,"activationEvent":"*"}
[2019-05-06 14:07:18.102] [exthost] [info] ExtensionService#loadCommonJSModule /usr/share/code/resources/app/extensions/merge-conflict/dist/extension
[2019-05-06 14:07:18.106] [exthost] [info] ExtensionService#_doActivateExtension CoenraadS.bracket-pair-colorizer {"startup":true,"activationEvent":"*"}
[2019-05-06 14:07:18.106] [exthost] [info] ExtensionService#loadCommonJSModule /home/wojtek/.vscode/extensions/coenraads.bracket-pair-colorizer-1.0.61/out/src/extension
[2019-05-06 14:07:18.134] [exthost] [info] ExtensionService#_doActivateExtension dbaeumer.vscode-eslint {"startup":true,"activationEvent":"*"}
[2019-05-06 14:07:18.134] [exthost] [info] ExtensionService#loadCommonJSModule /home/wojtek/.vscode/extensions/dbaeumer.vscode-eslint-1.8.2/client/out/extension
[2019-05-06 14:07:18.163] [exthost] [info] ExtensionService#_doActivateExtension esbenp.prettier-vscode {"startup":true,"activationEvent":"*"}
[2019-05-06 14:07:18.163] [exthost] [info] ExtensionService#loadCommonJSModule /home/wojtek/.vscode/extensions/esbenp.prettier-vscode-1.9.0/out/src/extension
[2019-05-06 14:07:18.316] [exthost] [info] ExtensionService#_doActivateExtension formulahendry.auto-rename-tag {"startup":true,"activationEvent":"*"}
[2019-05-06 14:07:18.316] [exthost] [info] ExtensionService#loadCommonJSModule /home/wojtek/.vscode/extensions/formulahendry.auto-rename-tag-0.0.15/out/src/extension
[2019-05-06 14:07:18.317] [exthost] [info] ExtensionService#_doActivateExtension HookyQR.beautify {"startup":true,"activationEvent":"*"}
[2019-05-06 14:07:18.317] [exthost] [info] ExtensionService#loadCommonJSModule /home/wojtek/.vscode/extensions/hookyqr.beautify-1.5.0/extension
[2019-05-06 14:07:18.362] [exthost] [info] ExtensionService#_doActivateExtension teeLang.vsprettier {"startup":true,"activationEvent":"*"}
[2019-05-06 14:07:18.362] [exthost] [info] ExtensionService#loadCommonJSModule /home/wojtek/.vscode/extensions/teelang.vsprettier-1.0.0/out/extension
[2019-05-06 14:07:18.438] [exthost] [info] eager extensions activated
[2019-05-06 14:09:47.715] [exthost] [info] ExtensionService#_doActivateExtension vscode.configuration-editing {"startup":false,"activationEvent":"onLanguage:jsonc"}
[2019-05-06 14:09:47.715] [exthost] [info] ExtensionService#loadCommonJSModule /usr/share/code/resources/app/extensions/configuration-editing/dist/extension
[2019-05-06 14:09:47.721] [exthost] [info] ExtensionService#_doActivateExtension vscode.json-language-features {"startup":false,"activationEvent":"onLanguage:jsonc"}
[2019-05-06 14:09:47.721] [exthost] [info] ExtensionService#loadCommonJSModule /usr/share/code/resources/app/extensions/json-language-features/client/dist/jsonMain
[2019-05-06 14:09:47.777] [exthost] [info] ExtensionService#_doActivateExtension vscode.typescript-language-features {"startup":false,"activationEvent":"onLanguage:jsonc"}
[2019-05-06 14:09:47.777] [exthost] [info] ExtensionService#loadCommonJSModule /usr/share/code/resources/app/extensions/typescript-language-features/dist/extension
[2019-05-06 14:10:07.263] [exthost] [info] ExtensionService#_doActivateExtension vscode.extension-editing {"startup":false,"activationEvent":"onLanguage:typescript"}
[2019-05-06 14:10:07.263] [exthost] [info] ExtensionService#loadCommonJSModule /usr/share/code/resources/app/extensions/extension-editing/dist/extension
[2019-05-06 14:10:11.315] [exthost] [info] ExtensionService#_doActivateExtension vscode.html-language-features {"startup":false,"activationEvent":"onLanguage:html"}
[2019-05-06 14:10:11.315] [exthost] [info] ExtensionService#loadCommonJSModule /usr/share/code/resources/app/extensions/html-language-features/client/dist/htmlMain
[2019-05-06 14:51:08.682] [exthost] [info] ExtensionService#_doActivateExtension ms-vscode.vscode-typescript-tslint-plugin {"startup":false,"activationEvent":"onLanguage:typescript"}
[2019-05-06 14:51:08.682] [exthost] [info] ExtensionService#loadCommonJSModule /home/wojtek/.vscode/extensions/ms-vscode.vscode-typescript-tslint-plugin-1.0.0/out/index.js
