[2019-05-06 14:07:19.531] [sharedprocess] [info] main {"machineId":"6de58542289167ffcc63c654b03c481270f96eb4237ccce256d93e475cbd9408"}
[2019-05-06 14:07:19.597] [sharedprocess] [info] Scanned user extensions: 8
[2019-05-06 14:07:19.652] [sharedprocess] [info] Scanned user extensions: 8
[2019-05-06 14:07:19.653] [sharedprocess] [info] Scanned user extensions: 8
[2019-05-06 14:07:19.654] [sharedprocess] [info] Scanned user extensions: 8
[2019-05-06 14:07:19.712] [sharedprocess] [info] Scanned system extensions: 72
[2019-05-06 14:07:19.723] [sharedprocess] [info] Scanned system extensions: 72
[2019-05-06 14:07:19.726] [sharedprocess] [info] Scanned system extensions: 72
[2019-05-06 14:07:19.729] [sharedprocess] [info] Scanned system extensions: 72
[2019-05-06 14:07:19.923] [sharedprocess] [info] Scanned user extensions: 8
[2019-05-06 14:07:59.535] [sharedprocess] [info] Starting to clean up unused language packs.
[2019-05-06 14:12:19.948] [sharedprocess] [info] Scanned user extensions: 8
[2019-05-06 14:17:19.972] [sharedprocess] [info] Scanned user extensions: 8
[2019-05-06 14:22:19.999] [sharedprocess] [info] Scanned user extensions: 8
[2019-05-06 14:27:20.021] [sharedprocess] [info] Scanned user extensions: 8
[2019-05-06 14:32:20.036] [sharedprocess] [info] Scanned user extensions: 8
[2019-05-06 14:37:20.050] [sharedprocess] [info] Scanned user extensions: 8
[2019-05-06 14:42:20.073] [sharedprocess] [info] Scanned user extensions: 8
[2019-05-06 14:47:20.101] [sharedprocess] [info] Scanned user extensions: 8
[2019-05-06 14:50:46.938] [sharedprocess] [info] Scanned user extensions: 8
[2019-05-06 14:50:46.939] [sharedprocess] [info] Scanned user extensions: 8
[2019-05-06 14:50:46.940] [sharedprocess] [info] Scanned user extensions: 8
[2019-05-06 14:50:46.942] [sharedprocess] [info] Scanned user extensions: 8
[2019-05-06 14:50:47.002] [sharedprocess] [info] Scanned system extensions: 72
[2019-05-06 14:50:47.005] [sharedprocess] [info] Scanned system extensions: 72
[2019-05-06 14:50:47.008] [sharedprocess] [info] Scanned system extensions: 72
[2019-05-06 14:50:59.394] [sharedprocess] [info] Scanned user extensions: 8
[2019-05-06 14:50:59.395] [sharedprocess] [info] Scanned user extensions: 8
[2019-05-06 14:50:59.396] [sharedprocess] [info] Scanned user extensions: 8
[2019-05-06 14:50:59.447] [sharedprocess] [info] Scanned system extensions: 72
[2019-05-06 14:50:59.450] [sharedprocess] [info] Scanned system extensions: 72
[2019-05-06 14:50:59.454] [sharedprocess] [info] Scanned system extensions: 72
[2019-05-06 14:51:03.147] [sharedprocess] [info] Scanned user extensions: 8
[2019-05-06 14:51:03.148] [sharedprocess] [info] Scanned user extensions: 8
[2019-05-06 14:51:03.149] [sharedprocess] [info] Scanned user extensions: 8
[2019-05-06 14:51:03.197] [sharedprocess] [info] Scanned system extensions: 72
[2019-05-06 14:51:03.200] [sharedprocess] [info] Scanned system extensions: 72
[2019-05-06 14:51:03.202] [sharedprocess] [info] Scanned system extensions: 72
[2019-05-06 14:51:07.776] [sharedprocess] [info] Installing extension: ms-vscode.vscode-typescript-tslint-plugin
[2019-05-06 14:51:07.786] [sharedprocess] [info] Scanned user extensions: 8
[2019-05-06 14:51:08.113] [sharedprocess] [info] Downloaded extension: ms-vscode.vscode-typescript-tslint-plugin /tmp/1068c93d-f051-485d-b416-c118ad8d8075
[2019-05-06 14:51:08.350] [sharedprocess] [info] Extracted extension to /home/wojtek/.vscode/extensions/.ms-vscode.vscode-typescript-tslint-plugin-1.0.0: ms-vscode.vscode-typescript-tslint-plugin
[2019-05-06 14:51:08.350] [sharedprocess] [info] Renamed to /home/wojtek/.vscode/extensions/ms-vscode.vscode-typescript-tslint-plugin-1.0.0
[2019-05-06 14:51:08.351] [sharedprocess] [info] Installation completed. ms-vscode.vscode-typescript-tslint-plugin
[2019-05-06 14:51:08.429] [sharedprocess] [info] Extensions installed successfully: ms-vscode.vscode-typescript-tslint-plugin
[2019-05-06 14:51:11.671] [sharedprocess] [info] Installing extension: johnpapa.angular2
[2019-05-06 14:51:11.688] [sharedprocess] [info] Scanned user extensions: 9
[2019-05-06 14:51:12.899] [sharedprocess] [info] Downloaded extension: johnpapa.angular2 /tmp/fe5dbb40-40db-4367-a617-ed8d4c5928bb
[2019-05-06 14:51:13.368] [sharedprocess] [info] Extracted extension to /home/wojtek/.vscode/extensions/.johnpapa.angular2-7.1.5: johnpapa.angular2
[2019-05-06 14:51:13.368] [sharedprocess] [info] Renamed to /home/wojtek/.vscode/extensions/johnpapa.angular2-7.1.5
[2019-05-06 14:51:13.369] [sharedprocess] [info] Installation completed. johnpapa.angular2
[2019-05-06 14:51:13.572] [sharedprocess] [info] Extensions installed successfully: johnpapa.angular2
[2019-05-06 14:51:32.058] [sharedprocess] [info] Scanned user extensions: 10
[2019-05-06 14:51:32.059] [sharedprocess] [info] Scanned user extensions: 10
[2019-05-06 14:51:32.060] [sharedprocess] [info] Scanned user extensions: 10
[2019-05-06 14:51:32.117] [sharedprocess] [info] Scanned system extensions: 72
[2019-05-06 14:51:32.121] [sharedprocess] [info] Scanned system extensions: 72
[2019-05-06 14:51:32.124] [sharedprocess] [info] Scanned system extensions: 72
[2019-05-06 14:51:37.647] [sharedprocess] [info] Scanned user extensions: 10
[2019-05-06 14:51:37.648] [sharedprocess] [info] Scanned user extensions: 10
[2019-05-06 14:51:37.648] [sharedprocess] [info] Scanned user extensions: 10
[2019-05-06 14:51:37.704] [sharedprocess] [info] Scanned system extensions: 72
[2019-05-06 14:51:37.708] [sharedprocess] [info] Scanned system extensions: 72
[2019-05-06 14:51:37.713] [sharedprocess] [info] Scanned system extensions: 72
[2019-05-06 14:51:55.949] [sharedprocess] [info] Installing extension: 30-seconds.30-seconds-of-code
[2019-05-06 14:51:55.955] [sharedprocess] [info] Scanned user extensions: 10
[2019-05-06 14:51:56.230] [sharedprocess] [info] Downloaded extension: 30-seconds.30-seconds-of-code /tmp/0047b2a0-e66e-4c54-bb94-ea9b33686a06
[2019-05-06 14:51:56.240] [sharedprocess] [info] Extracted extension to /home/wojtek/.vscode/extensions/.30-seconds.30-seconds-of-code-1.0.0: 30-seconds.30-seconds-of-code
[2019-05-06 14:51:56.240] [sharedprocess] [info] Renamed to /home/wojtek/.vscode/extensions/30-seconds.30-seconds-of-code-1.0.0
[2019-05-06 14:51:56.241] [sharedprocess] [info] Installation completed. 30-seconds.30-seconds-of-code
[2019-05-06 14:51:56.290] [sharedprocess] [info] Extensions installed successfully: 30-seconds.30-seconds-of-code
[2019-05-06 14:52:20.119] [sharedprocess] [info] Scanned user extensions: 11
[2019-05-06 14:57:20.149] [sharedprocess] [info] Scanned user extensions: 11
[2019-05-06 15:02:20.184] [sharedprocess] [info] Scanned user extensions: 11
[2019-05-06 15:07:20.331] [sharedprocess] [info] Scanned user extensions: 11
[2019-05-06 15:12:20.360] [sharedprocess] [info] Scanned user extensions: 11
[2019-05-06 15:17:20.388] [sharedprocess] [info] Scanned user extensions: 11
[2019-05-06 15:22:20.416] [sharedprocess] [info] Scanned user extensions: 11
[2019-05-06 15:27:20.439] [sharedprocess] [info] Scanned user extensions: 11
[2019-05-06 15:32:20.460] [sharedprocess] [info] Scanned user extensions: 11
[2019-05-06 15:37:20.487] [sharedprocess] [info] Scanned user extensions: 11
[2019-05-06 15:42:20.511] [sharedprocess] [info] Scanned user extensions: 11
[2019-05-06 15:47:20.533] [sharedprocess] [info] Scanned user extensions: 11
[2019-05-06 15:52:20.566] [sharedprocess] [info] Scanned user extensions: 11
[2019-05-06 15:57:20.589] [sharedprocess] [info] Scanned user extensions: 11
[2019-05-06 16:02:20.614] [sharedprocess] [info] Scanned user extensions: 11
[2019-05-06 16:07:20.772] [sharedprocess] [info] Scanned user extensions: 11
[2019-05-06 16:12:20.807] [sharedprocess] [info] Scanned user extensions: 11
[2019-05-06 16:17:18.448] [sharedprocess] [info] Scanned user extensions: 11
[2019-05-06 16:17:18.452] [sharedprocess] [info] Scanned user extensions: 11
[2019-05-06 16:17:18.454] [sharedprocess] [info] Scanned user extensions: 11
[2019-05-06 16:17:18.535] [sharedprocess] [info] Scanned system extensions: 72
[2019-05-06 16:17:18.540] [sharedprocess] [info] Scanned system extensions: 72
[2019-05-06 16:17:18.544] [sharedprocess] [info] Scanned system extensions: 72
[2019-05-06 16:17:20.843] [sharedprocess] [info] Scanned user extensions: 11
